21:38:06.162 [main] DEBUG c.i.karate.cucumber.CucumberRunner - init test class: class TodosTest
21:38:06.342 [main] DEBUG c.i.karate.cucumber.CucumberRunner - loading feature: /Users/waldovp/repos/todosapitest/target/test-classes/todos.feature
21:38:07.268 [main] INFO  com.intuit.karate.ScriptBridge - karate.env system property was: null 
21:38:09.018 [main] DEBUG com.intuit.karate.StepDefs - response time in milliseconds: 1375
21:38:09.339 [main] INFO  com.intuit.karate.ScriptBridge - karate.env system property was: null 
21:38:10.928 [main] DEBUG com.intuit.karate.StepDefs - response time in milliseconds: 1501
10:07:53.888 [main] DEBUG c.i.karate.cucumber.CucumberRunner - init test class: class TodosTest
10:07:54.080 [main] DEBUG c.i.karate.cucumber.CucumberRunner - loading feature: /Users/waldo.vanpaddenburg/repos/todosapitest/target/test-classes/todos.feature
10:07:54.846 [main] INFO  com.intuit.karate.ScriptBridge - karate.env system property was: null 
10:07:56.589 [main] DEBUG com.intuit.karate.StepDefs - response time in milliseconds: 1592
10:07:56.690 [main] INFO  com.intuit.karate.ScriptBridge - karate.env system property was: null 
10:07:58.259 [main] DEBUG com.intuit.karate.StepDefs - response time in milliseconds: 1550
10:08:17.604 [main] DEBUG c.i.karate.cucumber.CucumberRunner - init test class: class TodosTest
10:08:17.714 [main] DEBUG c.i.karate.cucumber.CucumberRunner - loading feature: /Users/waldo.vanpaddenburg/repos/todosapitest/target/test-classes/todos.feature
10:08:18.286 [main] INFO  com.intuit.karate.ScriptBridge - karate.env system property was: null 
10:08:19.502 [main] DEBUG com.intuit.karate.StepDefs - response time in milliseconds: 1076
10:08:19.599 [main] INFO  com.intuit.karate.ScriptBridge - karate.env system property was: null 
10:08:20.747 [main] DEBUG com.intuit.karate.StepDefs - response time in milliseconds: 1133
10:08:52.733 [main] DEBUG c.i.karate.cucumber.CucumberRunner - init test class: class TodosTest
10:08:52.847 [main] DEBUG c.i.karate.cucumber.CucumberRunner - loading feature: /Users/waldo.vanpaddenburg/repos/todosapitest/target/test-classes/todos.feature
10:08:53.384 [main] INFO  com.intuit.karate.ScriptBridge - karate.env system property was: null 
10:08:54.798 [main] DEBUG com.intuit.karate.StepDefs - response time in milliseconds: 1279
10:08:54.896 [main] INFO  com.intuit.karate.ScriptBridge - karate.env system property was: null 
10:08:56.355 [main] DEBUG com.intuit.karate.StepDefs - response time in milliseconds: 1444
10:09:31.174 [main] DEBUG c.i.karate.cucumber.CucumberRunner - init test class: class TodosTest
10:09:31.293 [main] DEBUG c.i.karate.cucumber.CucumberRunner - loading feature: /Users/waldo.vanpaddenburg/repos/todosapitest/target/test-classes/todos.feature
10:09:31.905 [main] INFO  com.intuit.karate.ScriptBridge - karate.env system property was: null 
10:09:33.665 [main] DEBUG com.intuit.karate.StepDefs - response time in milliseconds: 1572
10:09:33.762 [main] INFO  com.intuit.karate.ScriptBridge - karate.env system property was: null 
10:09:35.124 [main] DEBUG com.intuit.karate.StepDefs - response time in milliseconds: 1346
10:21:19.790 [main] DEBUG c.i.karate.cucumber.CucumberRunner - init test class: class TodosTest
10:21:19.917 [main] DEBUG c.i.karate.cucumber.CucumberRunner - loading feature: /Users/waldo.vanpaddenburg/repos/todosapitest/target/test-classes/todos.feature
10:21:20.527 [main] INFO  com.intuit.karate.ScriptBridge - karate.env system property was: null 
10:21:21.985 [main] DEBUG com.intuit.karate.StepDefs - response time in milliseconds: 1315
10:21:22.079 [main] INFO  com.intuit.karate.ScriptBridge - karate.env system property was: null 
10:21:23.233 [main] DEBUG com.intuit.karate.StepDefs - response time in milliseconds: 1148
10:21:23.253 [main] ERROR com.intuit.karate.StepDefs - FAILED, assert evaluated to false: response.length == 1
10:21:23.287 [main] INFO  com.intuit.karate.ScriptBridge - karate.env system property was: null 
10:21:24.676 [main] DEBUG com.intuit.karate.StepDefs - response time in milliseconds: 1372
10:22:43.827 [main] DEBUG c.i.karate.cucumber.CucumberRunner - init test class: class TodosTest
10:22:43.958 [main] DEBUG c.i.karate.cucumber.CucumberRunner - loading feature: /Users/waldo.vanpaddenburg/repos/todosapitest/target/test-classes/todos.feature
10:22:44.546 [main] INFO  com.intuit.karate.ScriptBridge - karate.env system property was: null 
10:22:46.071 [main] DEBUG com.intuit.karate.StepDefs - response time in milliseconds: 1381
10:22:46.171 [main] INFO  com.intuit.karate.ScriptBridge - karate.env system property was: null 
10:22:47.256 [main] DEBUG com.intuit.karate.StepDefs - response time in milliseconds: 1079
10:22:47.295 [main] INFO  com.intuit.karate.ScriptBridge - karate.env system property was: null 
10:22:48.255 [main] DEBUG com.intuit.karate.StepDefs - response time in milliseconds: 944
10:30:16.376 [main] DEBUG c.i.karate.cucumber.CucumberRunner - init test class: class TodosTest
10:30:16.489 [main] DEBUG c.i.karate.cucumber.CucumberRunner - loading feature: /Users/waldo.vanpaddenburg/repos/todosapitest/target/test-classes/todos.feature
10:30:17.052 [main] INFO  com.intuit.karate.ScriptBridge - karate.env system property was: null 
10:30:18.523 [main] DEBUG com.intuit.karate.StepDefs - response time in milliseconds: 1334
10:30:18.624 [main] INFO  com.intuit.karate.ScriptBridge - karate.env system property was: null 
10:30:19.602 [main] DEBUG com.intuit.karate.StepDefs - response time in milliseconds: 972
10:30:19.647 [main] INFO  com.intuit.karate.ScriptBridge - karate.env system property was: null 
10:30:21.419 [main] DEBUG com.intuit.karate.StepDefs - response time in milliseconds: 1757
10:30:21.449 [main] INFO  com.intuit.karate.ScriptBridge - karate.env system property was: null 
10:30:23.372 [main] DEBUG com.intuit.karate.StepDefs - response time in milliseconds: 1910
10:31:55.224 [main] DEBUG c.i.karate.cucumber.CucumberRunner - init test class: class TodosTest
10:31:55.344 [main] DEBUG c.i.karate.cucumber.CucumberRunner - loading feature: /Users/waldo.vanpaddenburg/repos/todosapitest/target/test-classes/todos.feature
10:31:55.946 [main] INFO  com.intuit.karate.ScriptBridge - karate.env system property was: null 
10:31:57.444 [main] DEBUG com.intuit.karate.StepDefs - response time in milliseconds: 1362
10:31:57.542 [main] INFO  com.intuit.karate.ScriptBridge - karate.env system property was: null 
10:31:58.473 [main] DEBUG com.intuit.karate.StepDefs - response time in milliseconds: 924
10:31:58.511 [main] INFO  com.intuit.karate.ScriptBridge - karate.env system property was: null 
10:31:59.655 [main] DEBUG com.intuit.karate.StepDefs - response time in milliseconds: 1130
10:31:59.686 [main] INFO  com.intuit.karate.ScriptBridge - karate.env system property was: null 
10:32:00.965 [main] DEBUG com.intuit.karate.StepDefs - response time in milliseconds: 1268
11:13:52.688 [main] DEBUG c.i.karate.cucumber.CucumberRunner - init test class: class TodosTest
11:13:52.794 [main] DEBUG c.i.karate.cucumber.CucumberRunner - loading feature: /Users/waldo.vanpaddenburg/repos/todosapitest/target/test-classes/todos.feature
11:13:53.356 [main] INFO  com.intuit.karate.ScriptBridge - karate.env system property was: null 
11:14:47.766 [main] DEBUG c.i.karate.cucumber.CucumberRunner - init test class: class TodosTest
11:14:47.870 [main] DEBUG c.i.karate.cucumber.CucumberRunner - loading feature: /Users/waldo.vanpaddenburg/repos/todosapitest/target/test-classes/todos.feature
11:14:48.466 [main] INFO  com.intuit.karate.ScriptBridge - karate.env system property was: null 
11:14:49.917 [main] DEBUG com.intuit.karate.StepDefs - response time in milliseconds: 1311
11:14:50.022 [main] INFO  com.intuit.karate.ScriptBridge - karate.env system property was: null 
11:14:51.067 [main] DEBUG com.intuit.karate.StepDefs - response time in milliseconds: 1039
11:14:51.102 [main] INFO  com.intuit.karate.ScriptBridge - karate.env system property was: null 
11:14:54.025 [main] DEBUG com.intuit.karate.StepDefs - response time in milliseconds: 2910
11:14:54.056 [main] INFO  com.intuit.karate.ScriptBridge - karate.env system property was: null 
11:14:55.041 [main] DEBUG com.intuit.karate.StepDefs - response time in milliseconds: 972
11:15:48.855 [main] DEBUG c.i.karate.cucumber.CucumberRunner - init test class: class TodosTest
11:15:48.965 [main] DEBUG c.i.karate.cucumber.CucumberRunner - loading feature: /Users/waldo.vanpaddenburg/repos/todosapitest/target/test-classes/todos.feature
11:15:49.628 [main] INFO  com.intuit.karate.ScriptBridge - karate.env system property was: null 
11:15:51.073 [main] DEBUG com.intuit.karate.StepDefs - response time in milliseconds: 1296
11:15:51.176 [main] INFO  com.intuit.karate.ScriptBridge - karate.env system property was: null 
11:15:52.254 [main] DEBUG com.intuit.karate.StepDefs - response time in milliseconds: 1071
11:15:52.291 [main] INFO  com.intuit.karate.ScriptBridge - karate.env system property was: null 
11:15:53.226 [main] DEBUG com.intuit.karate.StepDefs - response time in milliseconds: 919
11:15:53.256 [main] INFO  com.intuit.karate.ScriptBridge - karate.env system property was: null 
11:15:54.401 [main] DEBUG com.intuit.karate.StepDefs - response time in milliseconds: 1133
11:16:29.419 [main] DEBUG c.i.karate.cucumber.CucumberRunner - init test class: class TodosTest
11:16:29.538 [main] DEBUG c.i.karate.cucumber.CucumberRunner - loading feature: /Users/waldo.vanpaddenburg/repos/todosapitest/target/test-classes/todos.feature
11:16:30.126 [main] INFO  com.intuit.karate.ScriptBridge - karate.env system property was: null 
11:16:31.536 [main] DEBUG com.intuit.karate.StepDefs - response time in milliseconds: 1270
11:16:31.642 [main] INFO  com.intuit.karate.ScriptBridge - karate.env system property was: null 
11:16:32.856 [main] DEBUG com.intuit.karate.StepDefs - response time in milliseconds: 1208
11:16:32.890 [main] INFO  com.intuit.karate.ScriptBridge - karate.env system property was: null 
11:16:34.298 [main] DEBUG com.intuit.karate.StepDefs - response time in milliseconds: 1395
11:16:34.328 [main] INFO  com.intuit.karate.ScriptBridge - karate.env system property was: null 
11:16:35.298 [main] DEBUG com.intuit.karate.StepDefs - response time in milliseconds: 958
11:16:35.300 [main] ERROR com.intuit.karate.StepDefs - FAILED, status code was 500, expected 200
11:17:39.817 [main] DEBUG c.i.karate.cucumber.CucumberRunner - init test class: class TodosTest
11:17:39.957 [main] DEBUG c.i.karate.cucumber.CucumberRunner - loading feature: /Users/waldo.vanpaddenburg/repos/todosapitest/target/test-classes/todos.feature
11:17:40.539 [main] INFO  com.intuit.karate.ScriptBridge - karate.env system property was: null 
11:17:42.051 [main] DEBUG com.intuit.karate.StepDefs - response time in milliseconds: 1365
11:17:42.148 [main] INFO  com.intuit.karate.ScriptBridge - karate.env system property was: null 
11:17:43.259 [main] DEBUG com.intuit.karate.StepDefs - response time in milliseconds: 1105
11:17:43.294 [main] INFO  com.intuit.karate.ScriptBridge - karate.env system property was: null 
11:17:44.712 [main] DEBUG com.intuit.karate.StepDefs - response time in milliseconds: 1404
11:17:44.742 [main] INFO  com.intuit.karate.ScriptBridge - karate.env system property was: null 
11:17:46.352 [main] DEBUG com.intuit.karate.StepDefs - response time in milliseconds: 1598
11:19:34.756 [main] DEBUG c.i.karate.cucumber.CucumberRunner - init test class: class TodosTest
11:19:34.881 [main] DEBUG c.i.karate.cucumber.CucumberRunner - loading feature: /Users/waldo.vanpaddenburg/repos/todosapitest/target/test-classes/todos.feature
11:19:35.509 [main] INFO  com.intuit.karate.ScriptBridge - karate.env system property was: null 
11:19:37.666 [main] DEBUG com.intuit.karate.StepDefs - response time in milliseconds: 2013
11:19:37.769 [main] INFO  com.intuit.karate.ScriptBridge - karate.env system property was: null 
11:19:38.713 [main] DEBUG com.intuit.karate.StepDefs - response time in milliseconds: 938
11:19:38.748 [main] INFO  com.intuit.karate.ScriptBridge - karate.env system property was: null 
11:19:39.929 [main] DEBUG com.intuit.karate.StepDefs - response time in milliseconds: 1168
11:19:39.961 [main] INFO  com.intuit.karate.ScriptBridge - karate.env system property was: null 
11:19:41.206 [main] DEBUG com.intuit.karate.StepDefs - response time in milliseconds: 1232
11:22:03.490 [main] DEBUG c.i.karate.cucumber.CucumberRunner - init test class: class TodosTest
11:22:03.599 [main] DEBUG c.i.karate.cucumber.CucumberRunner - loading feature: /Users/waldo.vanpaddenburg/repos/todosapitest/target/test-classes/todos.feature
11:22:04.172 [main] INFO  com.intuit.karate.ScriptBridge - karate.env system property was: null 
11:22:06.153 [main] DEBUG com.intuit.karate.StepDefs - response time in milliseconds: 1841
11:22:06.249 [main] INFO  com.intuit.karate.ScriptBridge - karate.env system property was: null 
11:22:07.118 [main] DEBUG com.intuit.karate.StepDefs - response time in milliseconds: 864
11:22:07.161 [main] INFO  com.intuit.karate.ScriptBridge - karate.env system property was: null 
11:22:08.368 [main] DEBUG com.intuit.karate.StepDefs - response time in milliseconds: 1194
11:22:08.402 [main] INFO  com.intuit.karate.ScriptBridge - karate.env system property was: null 
11:22:09.625 [main] DEBUG com.intuit.karate.StepDefs - response time in milliseconds: 1212
11:22:09.654 [main] INFO  com.intuit.karate.ScriptBridge - karate.env system property was: null 
11:22:10.856 [main] DEBUG com.intuit.karate.StepDefs - response time in milliseconds: 1197
11:22:32.720 [main] DEBUG c.i.karate.cucumber.CucumberRunner - init test class: class TodosTest
11:22:32.827 [main] DEBUG c.i.karate.cucumber.CucumberRunner - loading feature: /Users/waldo.vanpaddenburg/repos/todosapitest/target/test-classes/todos.feature
11:22:33.380 [main] INFO  com.intuit.karate.ScriptBridge - karate.env system property was: null 
11:22:34.805 [main] DEBUG com.intuit.karate.StepDefs - response time in milliseconds: 1287
11:22:34.900 [main] INFO  com.intuit.karate.ScriptBridge - karate.env system property was: null 
11:22:35.673 [main] DEBUG com.intuit.karate.StepDefs - response time in milliseconds: 766
11:22:35.711 [main] INFO  com.intuit.karate.ScriptBridge - karate.env system property was: null 
11:22:37.273 [main] DEBUG com.intuit.karate.StepDefs - response time in milliseconds: 1548
11:22:37.305 [main] INFO  com.intuit.karate.ScriptBridge - karate.env system property was: null 
11:22:38.578 [main] DEBUG com.intuit.karate.StepDefs - response time in milliseconds: 1261
11:22:38.606 [main] INFO  com.intuit.karate.ScriptBridge - karate.env system property was: null 
11:22:39.990 [main] DEBUG com.intuit.karate.StepDefs - response time in milliseconds: 1379
11:24:50.697 [main] DEBUG c.i.karate.cucumber.CucumberRunner - init test class: class TodosTest
11:24:50.821 [main] DEBUG c.i.karate.cucumber.CucumberRunner - loading feature: /Users/waldo.vanpaddenburg/repos/todosapitest/target/test-classes/todos.feature
11:24:51.382 [main] INFO  com.intuit.karate.ScriptBridge - karate.env system property was: null 
11:24:52.613 [main] DEBUG com.intuit.karate.StepDefs - response time in milliseconds: 1096
11:24:52.710 [main] INFO  com.intuit.karate.ScriptBridge - karate.env system property was: null 
11:24:53.816 [main] DEBUG com.intuit.karate.StepDefs - response time in milliseconds: 1101
11:24:53.852 [main] INFO  com.intuit.karate.ScriptBridge - karate.env system property was: null 
11:24:54.980 [main] DEBUG com.intuit.karate.StepDefs - response time in milliseconds: 1114
11:24:55.016 [main] INFO  com.intuit.karate.ScriptBridge - karate.env system property was: null 
11:24:56.335 [main] DEBUG com.intuit.karate.StepDefs - response time in milliseconds: 1307
11:24:56.363 [main] INFO  com.intuit.karate.ScriptBridge - karate.env system property was: null 
11:24:57.586 [main] DEBUG com.intuit.karate.StepDefs - response time in milliseconds: 1218
11:24:57.588 [main] ERROR com.intuit.karate.StepDefs - FAILED, status code was 200, expected 302
11:25:17.856 [main] DEBUG c.i.karate.cucumber.CucumberRunner - init test class: class TodosTest
11:25:17.976 [main] DEBUG c.i.karate.cucumber.CucumberRunner - loading feature: /Users/waldo.vanpaddenburg/repos/todosapitest/target/test-classes/todos.feature
11:25:18.545 [main] INFO  com.intuit.karate.ScriptBridge - karate.env system property was: null 
11:25:20.036 [main] DEBUG com.intuit.karate.StepDefs - response time in milliseconds: 1345
11:25:20.132 [main] INFO  com.intuit.karate.ScriptBridge - karate.env system property was: null 
11:25:20.889 [main] DEBUG com.intuit.karate.StepDefs - response time in milliseconds: 752
11:25:20.929 [main] INFO  com.intuit.karate.ScriptBridge - karate.env system property was: null 
11:25:22.344 [main] DEBUG com.intuit.karate.StepDefs - response time in milliseconds: 1402
11:25:22.380 [main] INFO  com.intuit.karate.ScriptBridge - karate.env system property was: null 
11:25:23.749 [main] DEBUG com.intuit.karate.StepDefs - response time in milliseconds: 1357
11:25:23.776 [main] INFO  com.intuit.karate.ScriptBridge - karate.env system property was: null 
11:25:24.699 [main] DEBUG com.intuit.karate.StepDefs - response time in milliseconds: 917
